<?xml version="1.0" encoding="UTF-8"?>
<!-- Generated by org.testng.reporters.JUnitReportReporter -->
<testsuite hostname="wcmis254" name="com.neso.testcase.SocialMediaCase" tests="1" failures="0" timestamp="14 Mar 2018 00:46:43 GMT" time="0.000" errors="1">
  <testcase name="checkLinkOtherPage" time="0.000" classname="com.neso.testcase.SocialMediaCase">
    <error type="org.testng.TestNGException" message="
Parameter &#039;penUrl&#039; is required by @Test on method checkLinkOtherPage but has not been marked @Optional or defined
in D:\Garre\projects\NESOAuto-git\nesoauto\bin\com\neso\testsuite\CallHistorySuite.xml">
      <![CDATA[org.testng.TestNGException: 
Parameter 'penUrl' is required by @Test on method checkLinkOtherPage but has not been marked @Optional or defined
in D:\Garre\projects\NESOAuto-git\nesoauto\bin\com\neso\testsuite\CallHistorySuite.xml
	at org.testng.internal.Parameters.createParameters(Parameters.java:154)
	at org.testng.internal.Parameters.createParameters(Parameters.java:361)
	at org.testng.internal.Parameters.handleParameters(Parameters.java:451)
	at org.testng.internal.Invoker.handleParameters(Invoker.java:1270)
	at org.testng.internal.Invoker.createParameters(Invoker.java:985)
	at org.testng.internal.Invoker.invokeTestMethods(Invoker.java:1075)
	at org.testng.internal.TestMethodWorker.invokeTestMethods(TestMethodWorker.java:125)
	at org.testng.internal.TestMethodWorker.run(TestMethodWorker.java:108)
	at org.testng.TestRunner.privateRun(TestRunner.java:774)
	at org.testng.TestRunner.run(TestRunner.java:624)
	at org.testng.SuiteRunner.runTest(SuiteRunner.java:359)
	at org.testng.SuiteRunner.runSequentially(SuiteRunner.java:354)
	at org.testng.SuiteRunner.privateRun(SuiteRunner.java:312)
	at org.testng.SuiteRunner.run(SuiteRunner.java:261)
	at org.testng.SuiteRunnerWorker.runSuite(SuiteRunnerWorker.java:52)
	at org.testng.SuiteRunnerWorker.run(SuiteRunnerWorker.java:86)
	at org.testng.TestNG.runSuitesSequentially(TestNG.java:1215)
	at org.testng.TestNG.runSuitesLocally(TestNG.java:1140)
	at org.testng.TestNG.run(TestNG.java:1048)
	at org.testng.TestNG.privateMain(TestNG.java:1355)
	at org.testng.TestNG.main(TestNG.java:1324)
]]>
    </error>
  </testcase> <!-- checkLinkOtherPage -->
</testsuite> <!-- com.neso.testcase.SocialMediaCase -->
